<?xml version="1.0" encoding="UTF-8"?>
<!-- Generated by org.testng.reporters.JUnitXMLReporter -->
<testsuite ignored="0" hostname="BHARATH" failures="0" tests="3" name="Test(failed)" time="81.599" errors="0" timestamp="2025-04-07T17:23:18 IST">
  <testcase classname="test.skillUpdateTest" name="skillUpdationTest" time="9.051"/>
  <testcase classname="test.ProfileUpdationTest" name="profileUpdate" time="22.144"/>
  <testcase classname="test.ResumeHeadlineTest" name="resumeHeadlineTest" time="8.415"/>
</testsuite> <!-- Test(failed) -->
