<?xml version="1.0" encoding="UTF-8"?>
<!-- Generated by org.testng.reporters.JUnitXMLReporter -->
<testsuite ignored="0" hostname="BHARATH" failures="0" tests="3" name="Default test" time="31.053" errors="0" timestamp="2025-04-11T11:58:09 IST">
  <testcase classname="test.BasicDetailsEditTest" name="naukriBasicDetailsInvalid" time="14.278"/>
  <testcase classname="test.BasicDetailsEditTest" name="naukriBasicDetailsValid" time="9.767"/>
  <testcase classname="test.BasicDetailsEditTest" name="naukriBasicDetailsTest" time="2.037"/>
</testsuite> <!-- Default test -->
