<?xml version="1.0" encoding="UTF-8"?>
<testng-results ignored="0" total="4" passed="4" failed="0" skipped="0">
  <reporter-output>
  </reporter-output>
  <suite started-at="2025-02-24T19:43:02 IST" name="Suite" finished-at="2025-02-24T19:43:45 IST" duration-ms="43289">
    <groups>
    </groups>
    <test started-at="2025-02-24T19:43:02 IST" name="Test" finished-at="2025-02-24T19:43:45 IST" duration-ms="43289">
      <class name="test.skillUpdateTest">
        <test-method is-config="true" signature="setup()[pri:0, instance:test.skillUpdateTest@6ad82709]" started-at="2025-02-24T19:43:34 IST" name="setup" finished-at="2025-02-24T19:43:36 IST" duration-ms="2291" status="PASS">
          <reporter-output>
          </reporter-output>
        </test-method> <!-- setup -->
        <test-method signature="skillUpdationTest()[pri:3, instance:test.skillUpdateTest@6ad82709]" started-at="2025-02-24T19:43:36 IST" name="skillUpdationTest" description="Verify the functionality by removing and adding the any skill in the Skills Section" finished-at="2025-02-24T19:43:45 IST" duration-ms="8625" status="PASS">
          <reporter-output>
          </reporter-output>
        </test-method> <!-- skillUpdationTest -->
        <test-method is-config="true" signature="teardown()[pri:0, instance:test.skillUpdateTest@6ad82709]" started-at="2025-02-24T19:43:45 IST" name="teardown" finished-at="2025-02-24T19:43:45 IST" duration-ms="215" status="PASS">
          <reporter-output>
          </reporter-output>
        </test-method> <!-- teardown -->
      </class> <!-- test.skillUpdateTest -->
      <class name="test.ResumeHeadlineTest">
        <test-method is-config="true" signature="setup()[pri:0, instance:test.ResumeHeadlineTest@61322f9d]" started-at="2025-02-24T19:43:22 IST" name="setup" finished-at="2025-02-24T19:43:25 IST" duration-ms="2318" status="PASS">
          <reporter-output>
          </reporter-output>
        </test-method> <!-- setup -->
        <test-method signature="resumeHeadlineTest()[pri:4, instance:test.ResumeHeadlineTest@61322f9d]" started-at="2025-02-24T19:43:25 IST" name="resumeHeadlineTest" description="Verify the functionality by removing and adding the resume headline text" finished-at="2025-02-24T19:43:34 IST" duration-ms="9064" status="PASS">
          <reporter-output>
          </reporter-output>
        </test-method> <!-- resumeHeadlineTest -->
        <test-method is-config="true" signature="teardown()[pri:0, instance:test.ResumeHeadlineTest@61322f9d]" started-at="2025-02-24T19:43:34 IST" name="teardown" finished-at="2025-02-24T19:43:34 IST" duration-ms="233" status="PASS">
          <reporter-output>
          </reporter-output>
        </test-method> <!-- teardown -->
      </class> <!-- test.ResumeHeadlineTest -->
      <class name="test.LoginTest">
        <test-method is-config="true" signature="setup()[pri:0, instance:test.LoginTest@279fedbd]" started-at="2025-02-24T19:43:02 IST" name="setup" finished-at="2025-02-24T19:43:04 IST" duration-ms="1769" status="PASS">
          <reporter-output>
          </reporter-output>
        </test-method> <!-- setup -->
        <test-method signature="testLogin()[pri:1, instance:test.LoginTest@279fedbd]" started-at="2025-02-24T19:43:04 IST" name="testLogin" description="Verify the functionality of login page" finished-at="2025-02-24T19:43:09 IST" duration-ms="5758" status="PASS">
          <reporter-output>
          </reporter-output>
        </test-method> <!-- testLogin -->
        <test-method is-config="true" signature="teardown()[pri:0, instance:test.LoginTest@279fedbd]" started-at="2025-02-24T19:43:09 IST" name="teardown" finished-at="2025-02-24T19:43:10 IST" duration-ms="203" status="PASS">
          <reporter-output>
          </reporter-output>
        </test-method> <!-- teardown -->
      </class> <!-- test.LoginTest -->
      <class name="test.ProfileUpdationTest">
        <test-method is-config="true" signature="setup()[pri:0, instance:test.ProfileUpdationTest@65e98b1c]" started-at="2025-02-24T19:43:10 IST" name="setup" finished-at="2025-02-24T19:43:11 IST" duration-ms="999" status="PASS">
          <reporter-output>
          </reporter-output>
        </test-method> <!-- setup -->
        <test-method signature="profileUpdate()[pri:2, instance:test.ProfileUpdationTest@65e98b1c]" started-at="2025-02-24T19:43:11 IST" name="profileUpdate" description="Verify the functionality by adding and removing the resume file in Profile section" finished-at="2025-02-24T19:43:22 IST" duration-ms="11495" status="PASS">
          <reporter-output>
          </reporter-output>
        </test-method> <!-- profileUpdate -->
        <test-method is-config="true" signature="teardown()[pri:0, instance:test.ProfileUpdationTest@65e98b1c]" started-at="2025-02-24T19:43:22 IST" name="teardown" finished-at="2025-02-24T19:43:22 IST" duration-ms="250" status="PASS">
          <reporter-output>
          </reporter-output>
        </test-method> <!-- teardown -->
      </class> <!-- test.ProfileUpdationTest -->
    </test> <!-- Test -->
  </suite> <!-- Suite -->
</testng-results>
