<?xml version="1.0" encoding="UTF-8"?>
<testng-results ignored="0" total="7" passed="7" failed="0" skipped="0">
  <reporter-output>
    <line>
      <![CDATA[Profile update module is initiated]]>
    </line>
    <line>
      <![CDATA[Resume got deleted]]>
    </line>
    <line>
      <![CDATA[Updated latest Resume]]>
    </line>
    <line>
      <![CDATA[Resume Headline module is initiated]]>
    </line>
    <line>
      <![CDATA[Resume headline module is validated successfully]]>
    </line>
    <line>
      <![CDATA[Skills module is initiated]]>
    </line>
    <line>
      <![CDATA[Skills module is validated successfully]]>
    </line>
    <line>
      <![CDATA[Naukri basic details module is initiated]]>
    </line>
    <line>
      <![CDATA[Click intercepted, trying JS click]]>
    </line>
    <line>
      <![CDATA[Name field is cleared]]>
    </line>
    <line>
      <![CDATA[Entered invalid data in the name field]]>
    </line>
    <line>
      <![CDATA[Click intercepted, trying JS click]]>
    </line>
    <line>
      <![CDATA[Basic details module is validated with invalid data]]>
    </line>
    <line>
      <![CDATA[Naukri input field module is initiated with valid data]]>
    </line>
    <line>
      <![CDATA[Click intercepted, trying JS click]]>
    </line>
    <line>
      <![CDATA[Entered valid data in the name field]]>
    </line>
    <line>
      <![CDATA[Basic details module is validated with valid data]]>
    </line>
    <line>
      <![CDATA[Naukri input basic details with exp year and joining date]]>
    </line>
    <line>
      <![CDATA[Click intercepted, trying JS click]]>
    </line>
    <line>
      <![CDATA[Years of experience is updated in the dropdown successfully]]>
    </line>
    <line>
      <![CDATA[Avail to Join is updated]]>
    </line>
    <line>
      <![CDATA[Basic details saved successfully]]>
    </line>
  </reporter-output>
  <suite started-at="2025-04-11T11:59:31 IST" name="Suite" finished-at="2025-04-11T12:01:09 IST" duration-ms="97314">
    <groups>
    </groups>
    <test started-at="2025-04-11T11:59:31 IST" name="Test" finished-at="2025-04-11T12:01:09 IST" duration-ms="97314">
      <class name="test.skillUpdateTest">
        <test-method is-config="true" signature="setup()[pri:0, instance:test.skillUpdateTest@102cec62]" started-at="2025-04-11T12:00:21 IST" name="setup" finished-at="2025-04-11T12:00:25 IST" duration-ms="4128" status="PASS">
          <reporter-output>
          </reporter-output>
        </test-method> <!-- setup -->
        <test-method signature="skillUpdationTest()[pri:3, instance:test.skillUpdateTest@102cec62]" started-at="2025-04-11T12:00:25 IST" name="skillUpdationTest" description="Verify the functionality by removing and adding the any skill in the Skills Section" finished-at="2025-04-11T12:00:34 IST" duration-ms="8491" status="PASS">
          <reporter-output>
            <line>
              <![CDATA[Skills module is initiated]]>
            </line>
            <line>
              <![CDATA[Skills module is validated successfully]]>
            </line>
          </reporter-output>
        </test-method> <!-- skillUpdationTest -->
        <test-method is-config="true" signature="teardown()[pri:0, instance:test.skillUpdateTest@102cec62]" started-at="2025-04-11T12:00:34 IST" name="teardown" finished-at="2025-04-11T12:00:36 IST" duration-ms="1741" status="PASS">
          <reporter-output>
          </reporter-output>
        </test-method> <!-- teardown -->
      </class> <!-- test.skillUpdateTest -->
      <class name="test.ResumeHeadlineTest">
        <test-method is-config="true" signature="setup()[pri:0, instance:test.ResumeHeadlineTest@56dc1551]" started-at="2025-04-11T12:00:08 IST" name="setup" finished-at="2025-04-11T12:00:12 IST" duration-ms="4585" status="PASS">
          <reporter-output>
          </reporter-output>
        </test-method> <!-- setup -->
        <test-method signature="resumeHeadlineTest()[pri:4, instance:test.ResumeHeadlineTest@56dc1551]" started-at="2025-04-11T12:00:12 IST" name="resumeHeadlineTest" description="Verify the functionality by removing and adding the resume headline text" finished-at="2025-04-11T12:00:21 IST" duration-ms="8497" status="PASS">
          <reporter-output>
            <line>
              <![CDATA[Resume Headline module is initiated]]>
            </line>
            <line>
              <![CDATA[Resume headline module is validated successfully]]>
            </line>
          </reporter-output>
        </test-method> <!-- resumeHeadlineTest -->
        <test-method is-config="true" signature="teardown()[pri:0, instance:test.ResumeHeadlineTest@56dc1551]" started-at="2025-04-11T12:00:21 IST" name="teardown" finished-at="2025-04-11T12:00:21 IST" duration-ms="160" status="PASS">
          <reporter-output>
          </reporter-output>
        </test-method> <!-- teardown -->
      </class> <!-- test.ResumeHeadlineTest -->
      <class name="test.BasicDetailsEditTest">
        <test-method is-config="true" signature="setup()[pri:0, instance:test.BasicDetailsEditTest@74f6c5d8]" started-at="2025-04-11T12:00:36 IST" name="setup" finished-at="2025-04-11T12:00:40 IST" duration-ms="4545" status="PASS">
          <reporter-output>
          </reporter-output>
        </test-method> <!-- setup -->
        <test-method signature="naukriBasicDetailsInvalid()[pri:5, instance:test.BasicDetailsEditTest@74f6c5d8]" started-at="2025-04-11T12:00:40 IST" name="naukriBasicDetailsInvalid" description="Verify the functionality by giving invalid (Bharath@12) in the username input field" finished-at="2025-04-11T12:00:56 IST" duration-ms="16096" status="PASS">
          <reporter-output>
            <line>
              <![CDATA[Naukri basic details module is initiated]]>
            </line>
            <line>
              <![CDATA[Click intercepted, trying JS click]]>
            </line>
            <line>
              <![CDATA[Name field is cleared]]>
            </line>
            <line>
              <![CDATA[Entered invalid data in the name field]]>
            </line>
            <line>
              <![CDATA[Click intercepted, trying JS click]]>
            </line>
            <line>
              <![CDATA[Basic details module is validated with invalid data]]>
            </line>
          </reporter-output>
        </test-method> <!-- naukriBasicDetailsInvalid -->
        <test-method signature="naukriBasicDetailsValid()[pri:6, instance:test.BasicDetailsEditTest@74f6c5d8]" started-at="2025-04-11T12:00:56 IST" name="naukriBasicDetailsValid" description="Verify the functionality by giving valid data in the username Input field" finished-at="2025-04-11T12:01:06 IST" duration-ms="9751" status="PASS">
          <reporter-output>
            <line>
              <![CDATA[Naukri input field module is initiated with valid data]]>
            </line>
            <line>
              <![CDATA[Click intercepted, trying JS click]]>
            </line>
            <line>
              <![CDATA[Entered valid data in the name field]]>
            </line>
            <line>
              <![CDATA[Basic details module is validated with valid data]]>
            </line>
          </reporter-output>
        </test-method> <!-- naukriBasicDetailsValid -->
        <test-method signature="naukriBasicDetailsTest()[pri:7, instance:test.BasicDetailsEditTest@74f6c5d8]" started-at="2025-04-11T12:01:06 IST" name="naukriBasicDetailsTest" description="Verify the functionality by removing and adding the basic details in Naukri profile" finished-at="2025-04-11T12:01:08 IST" duration-ms="2158" status="PASS">
          <reporter-output>
            <line>
              <![CDATA[Naukri input basic details with exp year and joining date]]>
            </line>
            <line>
              <![CDATA[Click intercepted, trying JS click]]>
            </line>
            <line>
              <![CDATA[Years of experience is updated in the dropdown successfully]]>
            </line>
            <line>
              <![CDATA[Avail to Join is updated]]>
            </line>
            <line>
              <![CDATA[Basic details saved successfully]]>
            </line>
          </reporter-output>
        </test-method> <!-- naukriBasicDetailsTest -->
        <test-method is-config="true" signature="teardown()[pri:0, instance:test.BasicDetailsEditTest@74f6c5d8]" started-at="2025-04-11T12:01:09 IST" name="teardown" finished-at="2025-04-11T12:01:09 IST" duration-ms="228" status="PASS">
          <reporter-output>
          </reporter-output>
        </test-method> <!-- teardown -->
      </class> <!-- test.BasicDetailsEditTest -->
      <class name="test.LoginTest">
        <test-method is-config="true" signature="setup()[pri:0, instance:test.LoginTest@75c56eb9]" started-at="2025-04-11T11:59:31 IST" name="setup" finished-at="2025-04-11T11:59:36 IST" duration-ms="4798" status="PASS">
          <reporter-output>
          </reporter-output>
        </test-method> <!-- setup -->
        <test-method signature="validLogin()[pri:1, instance:test.LoginTest@75c56eb9]" started-at="2025-04-11T11:59:36 IST" name="validLogin" description="Verify the functionality by giving valid username and password" finished-at="2025-04-11T11:59:40 IST" duration-ms="3676" status="PASS">
          <reporter-output>
          </reporter-output>
        </test-method> <!-- validLogin -->
        <test-method is-config="true" signature="teardown()[pri:0, instance:test.LoginTest@75c56eb9]" started-at="2025-04-11T11:59:40 IST" name="teardown" finished-at="2025-04-11T11:59:40 IST" duration-ms="177" status="PASS">
          <reporter-output>
          </reporter-output>
        </test-method> <!-- teardown -->
      </class> <!-- test.LoginTest -->
      <class name="test.ProfileUpdationTest">
        <test-method is-config="true" signature="setup()[pri:0, instance:test.ProfileUpdationTest@3eb91815]" started-at="2025-04-11T11:59:40 IST" name="setup" finished-at="2025-04-11T11:59:44 IST" duration-ms="3974" status="PASS">
          <reporter-output>
          </reporter-output>
        </test-method> <!-- setup -->
        <test-method signature="profileUpdate()[pri:2, instance:test.ProfileUpdationTest@3eb91815]" started-at="2025-04-11T11:59:44 IST" name="profileUpdate" description="Verify the functionality by adding and removing the resume file in Profile section" finished-at="2025-04-11T12:00:07 IST" duration-ms="22831" status="PASS">
          <reporter-output>
            <line>
              <![CDATA[Profile update module is initiated]]>
            </line>
            <line>
              <![CDATA[Resume got deleted]]>
            </line>
            <line>
              <![CDATA[Updated latest Resume]]>
            </line>
          </reporter-output>
        </test-method> <!-- profileUpdate -->
        <test-method is-config="true" signature="teardown()[pri:0, instance:test.ProfileUpdationTest@3eb91815]" started-at="2025-04-11T12:00:07 IST" name="teardown" finished-at="2025-04-11T12:00:08 IST" duration-ms="209" status="PASS">
          <reporter-output>
          </reporter-output>
        </test-method> <!-- teardown -->
      </class> <!-- test.ProfileUpdationTest -->
    </test> <!-- Test -->
  </suite> <!-- Suite -->
</testng-results>
