<?xml version="1.0" encoding="UTF-8"?>
<!-- Generated by org.testng.reporters.JUnitXMLReporter -->
<testsuite ignored="2" hostname="BHARATH" failures="0" tests="7" name="Test" time="110.302" errors="0" timestamp="2025-04-11T12:21:45 IST">
  <testcase classname="test.LoginTest" name="validLogin" time="7.813"/>
  <testcase classname="test.ProfileUpdationTest" name="profileUpdate" time="23.86"/>
  <testcase classname="test.ResumeHeadlineTest" name="resumeHeadlineTest" time="11.436"/>
  <testcase classname="test.skillUpdateTest" name="skillUpdationTest" time="10.02"/>
  <testcase classname="test.BasicDetailsEditTest" name="naukriBasicDetailsInvalid" time="13.903"/>
  <testcase classname="test.BasicDetailsEditTest" name="naukriBasicDetailsValid" time="9.624"/>
  <testcase classname="test.BasicDetailsEditTest" name="naukriBasicDetailsTest" time="2.221"/>
  <testcase classname="test.LoginTest" name="userNameInvalidPassword" time="0.0">
    <ignored/>
  </testcase> <!-- userNameInvalidPassword -->
  <testcase classname="test.LoginTest" name="invalidUsernameVPassword" time="0.0">
    <ignored/>
  </testcase> <!-- invalidUsernameVPassword -->
</testsuite> <!-- Test -->
