<?xml version="1.0" encoding="UTF-8"?>
<!-- Generated by org.testng.reporters.JUnitXMLReporter -->
<testsuite ignored="0" hostname="BHARATH" failures="0" tests="4" name="Test" time="50.374" errors="0" timestamp="2025-02-28T01:29:41 IST">
  <testcase classname="test.LoginTest" name="testLogin" time="3.645"/>
  <testcase classname="test.ProfileUpdationTest" name="profileUpdate" time="8.881"/>
  <testcase classname="test.ResumeHeadlineTest" name="resumeHeadlineTest" time="7.607"/>
  <testcase classname="test.skillUpdateTest" name="skillUpdationTest" time="8.547"/>
</testsuite> <!-- Test -->
